2015-06-28 13:23:36,596 INFO [org.springframework.web.context.ContextLoader] - Root WebApplicationContext: initialization started
2015-06-28 13:23:36,630 INFO [org.springframework.web.context.support.XmlWebApplicationContext] - Refreshing Root WebApplicationContext: startup date [Sun Jun 28 13:23:36 CST 2015]; root of context hierarchy
2015-06-28 13:23:36,694 INFO [org.springframework.beans.factory.xml.XmlBeanDefinitionReader] - Loading XML bean definitions from URL [file:/D:/project/myeclipseWorkspace/transfermaven%20Maven%20Webapp/src/main/webapp/WEB-INF/classes/applicationContext.xml]
2015-06-28 13:23:36,911 INFO [org.springframework.context.annotation.ClassPathBeanDefinitionScanner] - JSR-250 'javax.annotation.ManagedBean' found and supported for component scanning
2015-06-28 13:23:36,913 INFO [org.springframework.context.annotation.ClassPathBeanDefinitionScanner] - JSR-330 'javax.inject.Named' annotation found and supported for component scanning
2015-06-28 13:23:36,994 INFO [org.springframework.beans.factory.xml.XmlBeanDefinitionReader] - Loading XML bean definitions from URL [file:/D:/project/myeclipseWorkspace/transfermaven%20Maven%20Webapp/src/main/webapp/WEB-INF/classes/com/lungcare/dicomfile/config/spring-hibernate.xml]
2015-06-28 13:23:37,238 INFO [org.springframework.beans.factory.config.PropertyPlaceholderConfigurer] - Loading properties file from URL [file:/D:/project/myeclipseWorkspace/transfermaven%20Maven%20Webapp/src/main/webapp/WEB-INF/classes/com/lungcare/dicomfile/config/jdbc.properties]
2015-06-28 13:23:37,245 INFO [org.springframework.beans.factory.annotation.AutowiredAnnotationBeanPostProcessor] - JSR-330 'javax.inject.Inject' annotation found and supported for autowiring
2015-06-28 13:23:37,260 INFO [org.springframework.beans.factory.support.DefaultListableBeanFactory] - Pre-instantiating singletons in org.springframework.beans.factory.support.DefaultListableBeanFactory@472b644e: defining beans [org.springframework.context.annotation.internalConfigurationAnnotationProcessor,org.springframework.context.annotation.internalAutowiredAnnotationProcessor,org.springframework.context.annotation.internalRequiredAnnotationProcessor,org.springframework.context.annotation.internalCommonAnnotationProcessor,org.springframework.context.annotation.internalPersistenceAnnotationProcessor,customersResource,remoteFileTransferResource,org.springframework.beans.factory.config.PropertyPlaceholderConfigurer#0,dataSource,sessionFactory,transactionManager,transactionBase,localFileService,localFileTransferDAO,remoteFileService,remoteFileTransferDAO]; root of factory hierarchy
2015-06-28 13:23:37,395 INFO [org.springframework.jdbc.datasource.DriverManagerDataSource] - Loaded JDBC driver: com.mysql.jdbc.Driver
2015-06-28 13:23:37,756 INFO [org.springframework.orm.hibernate3.annotation.AnnotationSessionFactoryBean] - Building new Hibernate SessionFactory
2015-06-28 13:23:38,553 INFO [org.springframework.orm.hibernate3.HibernateTransactionManager] - Using DataSource [org.springframework.jdbc.datasource.DriverManagerDataSource@3541fcda] of Hibernate SessionFactory for HibernateTransactionManager
2015-06-28 13:23:38,556 INFO [org.springframework.web.context.ContextLoader] - Root WebApplicationContext: initialization completed in 1959 ms
2015-06-28 13:31:23,223 INFO [org.springframework.web.context.ContextLoader] - Root WebApplicationContext: initialization started
2015-06-28 13:31:23,267 INFO [org.springframework.web.context.support.XmlWebApplicationContext] - Refreshing Root WebApplicationContext: startup date [Sun Jun 28 13:31:23 CST 2015]; root of context hierarchy
2015-06-28 13:31:23,326 INFO [org.springframework.beans.factory.xml.XmlBeanDefinitionReader] - Loading XML bean definitions from URL [file:/D:/project/myeclipseWorkspace/transfermaven%20Maven%20Webapp/src/main/webapp/WEB-INF/classes/applicationContext.xml]
2015-06-28 13:31:23,471 INFO [org.springframework.context.annotation.ClassPathBeanDefinitionScanner] - JSR-250 'javax.annotation.ManagedBean' found and supported for component scanning
2015-06-28 13:31:23,475 INFO [org.springframework.context.annotation.ClassPathBeanDefinitionScanner] - JSR-330 'javax.inject.Named' annotation found and supported for component scanning
2015-06-28 13:31:23,585 INFO [org.springframework.beans.factory.xml.XmlBeanDefinitionReader] - Loading XML bean definitions from URL [file:/D:/project/myeclipseWorkspace/transfermaven%20Maven%20Webapp/src/main/webapp/WEB-INF/classes/com/lungcare/dicomfile/config/spring-hibernate.xml]
2015-06-28 13:31:23,751 INFO [org.springframework.beans.factory.config.PropertyPlaceholderConfigurer] - Loading properties file from URL [file:/D:/project/myeclipseWorkspace/transfermaven%20Maven%20Webapp/src/main/webapp/WEB-INF/classes/com/lungcare/dicomfile/config/jdbc.properties]
2015-06-28 13:31:23,765 INFO [org.springframework.beans.factory.annotation.AutowiredAnnotationBeanPostProcessor] - JSR-330 'javax.inject.Inject' annotation found and supported for autowiring
2015-06-28 13:31:23,788 INFO [org.springframework.beans.factory.support.DefaultListableBeanFactory] - Pre-instantiating singletons in org.springframework.beans.factory.support.DefaultListableBeanFactory@789caeb2: defining beans [org.springframework.context.annotation.internalConfigurationAnnotationProcessor,org.springframework.context.annotation.internalAutowiredAnnotationProcessor,org.springframework.context.annotation.internalRequiredAnnotationProcessor,org.springframework.context.annotation.internalCommonAnnotationProcessor,org.springframework.context.annotation.internalPersistenceAnnotationProcessor,customersResource,remoteFileTransferResource,org.springframework.beans.factory.config.PropertyPlaceholderConfigurer#0,dataSource,sessionFactory,transactionManager,transactionBase,localFileService,localFileTransferDAO,remoteFileService,remoteFileTransferDAO]; root of factory hierarchy
2015-06-28 13:31:23,919 INFO [org.springframework.jdbc.datasource.DriverManagerDataSource] - Loaded JDBC driver: com.mysql.jdbc.Driver
2015-06-28 13:31:24,306 INFO [org.springframework.orm.hibernate3.annotation.AnnotationSessionFactoryBean] - Building new Hibernate SessionFactory
2015-06-28 13:31:25,017 INFO [org.springframework.orm.hibernate3.HibernateTransactionManager] - Using DataSource [org.springframework.jdbc.datasource.DriverManagerDataSource@25b5dab5] of Hibernate SessionFactory for HibernateTransactionManager
2015-06-28 13:31:25,020 INFO [org.springframework.web.context.ContextLoader] - Root WebApplicationContext: initialization completed in 1796 ms
2015-06-28 13:33:30,222 INFO [com.lungcare.dicomfile.dao.impl.RemoteFileTransferDAOImp] - uploadFile
2015-06-28 13:34:48,974 INFO [org.springframework.web.context.support.XmlWebApplicationContext] - Closing Root WebApplicationContext: startup date [Sun Jun 28 13:31:23 CST 2015]; root of context hierarchy
2015-06-28 13:34:48,974 INFO [org.springframework.beans.factory.support.DefaultListableBeanFactory] - Destroying singletons in org.springframework.beans.factory.support.DefaultListableBeanFactory@789caeb2: defining beans [org.springframework.context.annotation.internalConfigurationAnnotationProcessor,org.springframework.context.annotation.internalAutowiredAnnotationProcessor,org.springframework.context.annotation.internalRequiredAnnotationProcessor,org.springframework.context.annotation.internalCommonAnnotationProcessor,org.springframework.context.annotation.internalPersistenceAnnotationProcessor,customersResource,remoteFileTransferResource,org.springframework.beans.factory.config.PropertyPlaceholderConfigurer#0,dataSource,sessionFactory,transactionManager,transactionBase,localFileService,localFileTransferDAO,remoteFileService,remoteFileTransferDAO]; root of factory hierarchy
2015-06-28 13:34:48,990 INFO [org.springframework.orm.hibernate3.annotation.AnnotationSessionFactoryBean] - Closing Hibernate SessionFactory
2015-06-28 13:34:54,653 INFO [org.springframework.web.context.ContextLoader] - Root WebApplicationContext: initialization started
2015-06-28 13:34:54,685 INFO [org.springframework.web.context.support.XmlWebApplicationContext] - Refreshing Root WebApplicationContext: startup date [Sun Jun 28 13:34:54 CST 2015]; root of context hierarchy
2015-06-28 13:34:54,732 INFO [org.springframework.beans.factory.xml.XmlBeanDefinitionReader] - Loading XML bean definitions from URL [file:/D:/project/myeclipseWorkspace/transfermaven%20Maven%20Webapp/src/main/webapp/WEB-INF/classes/applicationContext.xml]
2015-06-28 13:34:54,826 INFO [org.springframework.context.annotation.ClassPathBeanDefinitionScanner] - JSR-250 'javax.annotation.ManagedBean' found and supported for component scanning
2015-06-28 13:34:54,826 INFO [org.springframework.context.annotation.ClassPathBeanDefinitionScanner] - JSR-330 'javax.inject.Named' annotation found and supported for component scanning
2015-06-28 13:34:54,932 INFO [org.springframework.beans.factory.xml.XmlBeanDefinitionReader] - Loading XML bean definitions from URL [file:/D:/project/myeclipseWorkspace/transfermaven%20Maven%20Webapp/src/main/webapp/WEB-INF/classes/com/lungcare/dicomfile/config/spring-hibernate.xml]
2015-06-28 13:34:55,127 INFO [org.springframework.beans.factory.config.PropertyPlaceholderConfigurer] - Loading properties file from URL [file:/D:/project/myeclipseWorkspace/transfermaven%20Maven%20Webapp/src/main/webapp/WEB-INF/classes/com/lungcare/dicomfile/config/jdbc.properties]
2015-06-28 13:34:55,134 INFO [org.springframework.beans.factory.annotation.AutowiredAnnotationBeanPostProcessor] - JSR-330 'javax.inject.Inject' annotation found and supported for autowiring
2015-06-28 13:34:55,151 INFO [org.springframework.beans.factory.support.DefaultListableBeanFactory] - Pre-instantiating singletons in org.springframework.beans.factory.support.DefaultListableBeanFactory@6fb117f0: defining beans [org.springframework.context.annotation.internalConfigurationAnnotationProcessor,org.springframework.context.annotation.internalAutowiredAnnotationProcessor,org.springframework.context.annotation.internalRequiredAnnotationProcessor,org.springframework.context.annotation.internalCommonAnnotationProcessor,org.springframework.context.annotation.internalPersistenceAnnotationProcessor,customersResource,remoteFileTransferResource,org.springframework.beans.factory.config.PropertyPlaceholderConfigurer#0,dataSource,sessionFactory,transactionManager,transactionBase,localFileService,localFileTransferDAO,remoteFileService,remoteFileTransferDAO]; root of factory hierarchy
2015-06-28 13:34:55,233 INFO [org.springframework.jdbc.datasource.DriverManagerDataSource] - Loaded JDBC driver: com.mysql.jdbc.Driver
2015-06-28 13:34:55,577 INFO [org.springframework.orm.hibernate3.annotation.AnnotationSessionFactoryBean] - Building new Hibernate SessionFactory
2015-06-28 13:34:56,223 INFO [org.springframework.orm.hibernate3.HibernateTransactionManager] - Using DataSource [org.springframework.jdbc.datasource.DriverManagerDataSource@1bf3f158] of Hibernate SessionFactory for HibernateTransactionManager
2015-06-28 13:34:56,225 INFO [org.springframework.web.context.ContextLoader] - Root WebApplicationContext: initialization completed in 1572 ms
2015-06-28 13:35:09,303 INFO [org.springframework.web.context.support.XmlWebApplicationContext] - Closing Root WebApplicationContext: startup date [Sun Jun 28 13:34:54 CST 2015]; root of context hierarchy
2015-06-28 13:35:09,304 INFO [org.springframework.beans.factory.support.DefaultListableBeanFactory] - Destroying singletons in org.springframework.beans.factory.support.DefaultListableBeanFactory@6fb117f0: defining beans [org.springframework.context.annotation.internalConfigurationAnnotationProcessor,org.springframework.context.annotation.internalAutowiredAnnotationProcessor,org.springframework.context.annotation.internalRequiredAnnotationProcessor,org.springframework.context.annotation.internalCommonAnnotationProcessor,org.springframework.context.annotation.internalPersistenceAnnotationProcessor,customersResource,remoteFileTransferResource,org.springframework.beans.factory.config.PropertyPlaceholderConfigurer#0,dataSource,sessionFactory,transactionManager,transactionBase,localFileService,localFileTransferDAO,remoteFileService,remoteFileTransferDAO]; root of factory hierarchy
2015-06-28 13:35:09,308 INFO [org.springframework.orm.hibernate3.annotation.AnnotationSessionFactoryBean] - Closing Hibernate SessionFactory
2015-06-28 13:35:15,479 INFO [org.springframework.web.context.ContextLoader] - Root WebApplicationContext: initialization started
2015-06-28 13:35:15,509 INFO [org.springframework.web.context.support.XmlWebApplicationContext] - Refreshing Root WebApplicationContext: startup date [Sun Jun 28 13:35:15 CST 2015]; root of context hierarchy
2015-06-28 13:35:15,565 INFO [org.springframework.beans.factory.xml.XmlBeanDefinitionReader] - Loading XML bean definitions from URL [file:/D:/project/myeclipseWorkspace/transfermaven%20Maven%20Webapp/src/main/webapp/WEB-INF/classes/applicationContext.xml]
2015-06-28 13:35:15,662 INFO [org.springframework.context.annotation.ClassPathBeanDefinitionScanner] - JSR-250 'javax.annotation.ManagedBean' found and supported for component scanning
2015-06-28 13:35:15,662 INFO [org.springframework.context.annotation.ClassPathBeanDefinitionScanner] - JSR-330 'javax.inject.Named' annotation found and supported for component scanning
2015-06-28 13:35:15,751 INFO [org.springframework.beans.factory.xml.XmlBeanDefinitionReader] - Loading XML bean definitions from URL [file:/D:/project/myeclipseWorkspace/transfermaven%20Maven%20Webapp/src/main/webapp/WEB-INF/classes/com/lungcare/dicomfile/config/spring-hibernate.xml]
2015-06-28 13:35:15,913 INFO [org.springframework.beans.factory.config.PropertyPlaceholderConfigurer] - Loading properties file from URL [file:/D:/project/myeclipseWorkspace/transfermaven%20Maven%20Webapp/src/main/webapp/WEB-INF/classes/com/lungcare/dicomfile/config/jdbc.properties]
2015-06-28 13:35:15,919 INFO [org.springframework.beans.factory.annotation.AutowiredAnnotationBeanPostProcessor] - JSR-330 'javax.inject.Inject' annotation found and supported for autowiring
2015-06-28 13:35:15,936 INFO [org.springframework.beans.factory.support.DefaultListableBeanFactory] - Pre-instantiating singletons in org.springframework.beans.factory.support.DefaultListableBeanFactory@7a5876a5: defining beans [org.springframework.context.annotation.internalConfigurationAnnotationProcessor,org.springframework.context.annotation.internalAutowiredAnnotationProcessor,org.springframework.context.annotation.internalRequiredAnnotationProcessor,org.springframework.context.annotation.internalCommonAnnotationProcessor,org.springframework.context.annotation.internalPersistenceAnnotationProcessor,customersResource,remoteFileTransferResource,org.springframework.beans.factory.config.PropertyPlaceholderConfigurer#0,dataSource,sessionFactory,transactionManager,transactionBase,localFileService,localFileTransferDAO,remoteFileService,remoteFileTransferDAO]; root of factory hierarchy
2015-06-28 13:35:16,028 INFO [org.springframework.jdbc.datasource.DriverManagerDataSource] - Loaded JDBC driver: com.mysql.jdbc.Driver
2015-06-28 13:35:16,388 INFO [org.springframework.orm.hibernate3.annotation.AnnotationSessionFactoryBean] - Building new Hibernate SessionFactory
2015-06-28 13:35:17,102 INFO [org.springframework.orm.hibernate3.HibernateTransactionManager] - Using DataSource [org.springframework.jdbc.datasource.DriverManagerDataSource@32406f2f] of Hibernate SessionFactory for HibernateTransactionManager
2015-06-28 13:35:17,106 INFO [org.springframework.web.context.ContextLoader] - Root WebApplicationContext: initialization completed in 1627 ms
2015-06-28 13:42:48,447 INFO [org.springframework.web.context.ContextLoader] - Root WebApplicationContext: initialization started
2015-06-28 13:42:48,485 INFO [org.springframework.web.context.support.XmlWebApplicationContext] - Refreshing Root WebApplicationContext: startup date [Sun Jun 28 13:42:48 CST 2015]; root of context hierarchy
2015-06-28 13:42:48,559 INFO [org.springframework.beans.factory.xml.XmlBeanDefinitionReader] - Loading XML bean definitions from URL [file:/D:/project/myeclipseWorkspace/transfermaven%20Maven%20Webapp/src/main/webapp/WEB-INF/classes/applicationContext.xml]
2015-06-28 13:42:48,729 INFO [org.springframework.context.annotation.ClassPathBeanDefinitionScanner] - JSR-250 'javax.annotation.ManagedBean' found and supported for component scanning
2015-06-28 13:42:48,731 INFO [org.springframework.context.annotation.ClassPathBeanDefinitionScanner] - JSR-330 'javax.inject.Named' annotation found and supported for component scanning
2015-06-28 13:42:48,805 INFO [org.springframework.beans.factory.xml.XmlBeanDefinitionReader] - Loading XML bean definitions from URL [file:/D:/project/myeclipseWorkspace/transfermaven%20Maven%20Webapp/src/main/webapp/WEB-INF/classes/com/lungcare/dicomfile/config/spring-hibernate.xml]
2015-06-28 13:42:49,043 INFO [org.springframework.beans.factory.config.PropertyPlaceholderConfigurer] - Loading properties file from URL [file:/D:/project/myeclipseWorkspace/transfermaven%20Maven%20Webapp/src/main/webapp/WEB-INF/classes/com/lungcare/dicomfile/config/jdbc.properties]
2015-06-28 13:42:49,049 INFO [org.springframework.beans.factory.annotation.AutowiredAnnotationBeanPostProcessor] - JSR-330 'javax.inject.Inject' annotation found and supported for autowiring
2015-06-28 13:42:49,068 INFO [org.springframework.beans.factory.support.DefaultListableBeanFactory] - Pre-instantiating singletons in org.springframework.beans.factory.support.DefaultListableBeanFactory@63871f70: defining beans [org.springframework.context.annotation.internalConfigurationAnnotationProcessor,org.springframework.context.annotation.internalAutowiredAnnotationProcessor,org.springframework.context.annotation.internalRequiredAnnotationProcessor,org.springframework.context.annotation.internalCommonAnnotationProcessor,org.springframework.context.annotation.internalPersistenceAnnotationProcessor,customersResource,remoteFileTransferResource,org.springframework.beans.factory.config.PropertyPlaceholderConfigurer#0,dataSource,sessionFactory,transactionManager,transactionBase,localFileService,localFileTransferDAO,remoteFileService,remoteFileTransferDAO]; root of factory hierarchy
2015-06-28 13:42:49,242 INFO [org.springframework.jdbc.datasource.DriverManagerDataSource] - Loaded JDBC driver: com.mysql.jdbc.Driver
2015-06-28 13:42:49,677 INFO [org.springframework.orm.hibernate3.annotation.AnnotationSessionFactoryBean] - Building new Hibernate SessionFactory
2015-06-28 13:42:50,242 INFO [org.springframework.orm.hibernate3.HibernateTransactionManager] - Using DataSource [org.springframework.jdbc.datasource.DriverManagerDataSource@6a6215db] of Hibernate SessionFactory for HibernateTransactionManager
2015-06-28 13:42:50,242 INFO [org.springframework.web.context.ContextLoader] - Root WebApplicationContext: initialization completed in 1794 ms
2015-06-28 13:44:00,928 INFO [com.lungcare.dicomfile.dao.impl.RemoteFileTransferDAOImp] - uploadFile
2015-06-28 13:44:10,619 INFO [com.lungcare.dicomfile.dao.impl.RemoteFileTransferDAOImp] - uploadFile
2015-06-28 13:44:30,378 INFO [com.lungcare.dicomfile.dao.impl.RemoteFileTransferDAOImp] - uploadFile
2015-06-28 13:45:02,379 INFO [com.lungcare.dicomfile.dao.impl.RemoteFileTransferDAOImp] - uploadFile
2015-06-28 13:46:00,273 INFO [com.lungcare.dicomfile.dao.impl.RemoteFileTransferDAOImp] - uploadFile
2015-06-28 13:46:16,046 INFO [com.lungcare.dicomfile.dao.impl.RemoteFileTransferDAOImp] - uploadFile
2015-06-28 13:48:23,622 INFO [com.lungcare.dicomfile.dao.impl.RemoteFileTransferDAOImp] - uploadFile
2015-06-28 13:49:39,623 INFO [com.lungcare.dicomfile.dao.impl.RemoteFileTransferDAOImp] - uploadFile
2015-06-28 13:49:52,325 INFO [com.lungcare.dicomfile.dao.impl.RemoteFileTransferDAOImp] - uploadFile
2015-06-28 13:52:10,898 INFO [com.lungcare.dicomfile.dao.impl.RemoteFileTransferDAOImp] - uploadFile
2015-06-28 13:53:49,476 INFO [com.lungcare.dicomfile.dao.impl.RemoteFileTransferDAOImp] - uploadFile
2015-06-28 13:56:06,572 INFO [com.lungcare.dicomfile.dao.impl.RemoteFileTransferDAOImp] - uploadFile
2015-06-28 13:56:29,191 INFO [com.lungcare.dicomfile.dao.impl.RemoteFileTransferDAOImp] - uploadFile
2015-06-28 13:57:01,037 INFO [com.lungcare.dicomfile.dao.impl.RemoteFileTransferDAOImp] - uploadFile
2015-06-28 13:59:20,800 INFO [com.lungcare.dicomfile.dao.impl.RemoteFileTransferDAOImp] - uploadFile
2015-06-28 14:01:36,928 INFO [com.lungcare.dicomfile.dao.impl.RemoteFileTransferDAOImp] - uploadFile
2015-06-28 14:03:42,530 INFO [com.lungcare.dicomfile.dao.impl.RemoteFileTransferDAOImp] - uploadFile
2015-06-28 14:05:27,710 INFO [com.lungcare.dicomfile.dao.impl.RemoteFileTransferDAOImp] - uploadFile
2015-06-28 14:08:23,554 INFO [com.lungcare.dicomfile.dao.impl.RemoteFileTransferDAOImp] - uploadFile
2015-06-28 14:09:59,958 INFO [com.lungcare.dicomfile.dao.impl.RemoteFileTransferDAOImp] - uploadFile
2015-06-28 14:10:51,298 INFO [com.lungcare.dicomfile.dao.impl.RemoteFileTransferDAOImp] - uploadFile
2015-06-28 14:11:26,422 INFO [com.lungcare.dicomfile.dao.impl.RemoteFileTransferDAOImp] - uploadFile
2015-06-28 14:26:41,545 INFO [com.lungcare.dicomfile.dao.impl.RemoteFileTransferDAOImp] - uploadFile
2015-06-28 14:40:38,224 INFO [com.lungcare.dicomfile.dao.impl.RemoteFileTransferDAOImp] - uploadFile
2015-06-28 15:12:54,470 INFO [org.springframework.web.context.ContextLoader] - Root WebApplicationContext: initialization started
2015-06-28 15:12:54,514 INFO [org.springframework.web.context.support.XmlWebApplicationContext] - Refreshing Root WebApplicationContext: startup date [Sun Jun 28 15:12:54 CST 2015]; root of context hierarchy
2015-06-28 15:12:54,605 INFO [org.springframework.beans.factory.xml.XmlBeanDefinitionReader] - Loading XML bean definitions from URL [file:/D:/project/myeclipseWorkspace/transfermaven%20Maven%20Webapp/src/main/webapp/WEB-INF/classes/applicationContext.xml]
2015-06-28 15:12:54,966 INFO [org.springframework.context.annotation.ClassPathBeanDefinitionScanner] - JSR-250 'javax.annotation.ManagedBean' found and supported for component scanning
2015-06-28 15:12:54,972 INFO [org.springframework.context.annotation.ClassPathBeanDefinitionScanner] - JSR-330 'javax.inject.Named' annotation found and supported for component scanning
2015-06-28 15:12:55,121 INFO [org.springframework.beans.factory.xml.XmlBeanDefinitionReader] - Loading XML bean definitions from URL [file:/D:/project/myeclipseWorkspace/transfermaven%20Maven%20Webapp/src/main/webapp/WEB-INF/classes/com/lungcare/dicomfile/config/spring-hibernate.xml]
2015-06-28 15:12:55,453 INFO [org.springframework.beans.factory.config.PropertyPlaceholderConfigurer] - Loading properties file from URL [file:/D:/project/myeclipseWorkspace/transfermaven%20Maven%20Webapp/src/main/webapp/WEB-INF/classes/com/lungcare/dicomfile/config/jdbc.properties]
2015-06-28 15:12:55,461 INFO [org.springframework.beans.factory.annotation.AutowiredAnnotationBeanPostProcessor] - JSR-330 'javax.inject.Inject' annotation found and supported for autowiring
2015-06-28 15:12:55,484 INFO [org.springframework.beans.factory.support.DefaultListableBeanFactory] - Pre-instantiating singletons in org.springframework.beans.factory.support.DefaultListableBeanFactory@59737b19: defining beans [org.springframework.context.annotation.internalConfigurationAnnotationProcessor,org.springframework.context.annotation.internalAutowiredAnnotationProcessor,org.springframework.context.annotation.internalRequiredAnnotationProcessor,org.springframework.context.annotation.internalCommonAnnotationProcessor,org.springframework.context.annotation.internalPersistenceAnnotationProcessor,customersResource,remoteFileTransferResource,org.springframework.beans.factory.config.PropertyPlaceholderConfigurer#0,dataSource,sessionFactory,transactionManager,transactionBase,localFileService,localFileTransferDAO,remoteFileService,remoteFileTransferDAO]; root of factory hierarchy
2015-06-28 15:12:55,983 INFO [org.springframework.jdbc.datasource.DriverManagerDataSource] - Loaded JDBC driver: com.mysql.jdbc.Driver
2015-06-28 15:12:56,441 INFO [org.springframework.orm.hibernate3.annotation.AnnotationSessionFactoryBean] - Building new Hibernate SessionFactory
2015-06-28 15:12:57,581 INFO [org.springframework.orm.hibernate3.HibernateTransactionManager] - Using DataSource [org.springframework.jdbc.datasource.DriverManagerDataSource@1effd40a] of Hibernate SessionFactory for HibernateTransactionManager
2015-06-28 15:12:57,584 INFO [org.springframework.web.context.ContextLoader] - Root WebApplicationContext: initialization completed in 3114 ms
2015-06-28 15:12:57,663 INFO [org.springframework.web.context.support.XmlWebApplicationContext] - Closing Root WebApplicationContext: startup date [Sun Jun 28 13:42:48 CST 2015]; root of context hierarchy
2015-06-28 15:12:57,681 INFO [org.springframework.beans.factory.support.DefaultListableBeanFactory] - Destroying singletons in org.springframework.beans.factory.support.DefaultListableBeanFactory@63871f70: defining beans [org.springframework.context.annotation.internalConfigurationAnnotationProcessor,org.springframework.context.annotation.internalAutowiredAnnotationProcessor,org.springframework.context.annotation.internalRequiredAnnotationProcessor,org.springframework.context.annotation.internalCommonAnnotationProcessor,org.springframework.context.annotation.internalPersistenceAnnotationProcessor,customersResource,remoteFileTransferResource,org.springframework.beans.factory.config.PropertyPlaceholderConfigurer#0,dataSource,sessionFactory,transactionManager,transactionBase,localFileService,localFileTransferDAO,remoteFileService,remoteFileTransferDAO]; root of factory hierarchy
2015-06-28 15:12:57,842 INFO [org.springframework.orm.hibernate3.annotation.AnnotationSessionFactoryBean] - Closing Hibernate SessionFactory
2015-06-28 15:13:15,805 INFO [org.springframework.web.context.ContextLoader] - Root WebApplicationContext: initialization started
2015-06-28 15:13:15,877 INFO [org.springframework.web.context.support.XmlWebApplicationContext] - Refreshing Root WebApplicationContext: startup date [Sun Jun 28 15:13:15 CST 2015]; root of context hierarchy
2015-06-28 15:13:15,953 INFO [org.springframework.beans.factory.xml.XmlBeanDefinitionReader] - Loading XML bean definitions from URL [file:/D:/project/myeclipseWorkspace/transfermaven%20Maven%20Webapp/src/main/webapp/WEB-INF/classes/applicationContext.xml]
2015-06-28 15:13:16,207 INFO [org.springframework.context.annotation.ClassPathBeanDefinitionScanner] - JSR-250 'javax.annotation.ManagedBean' found and supported for component scanning
2015-06-28 15:13:16,207 INFO [org.springframework.context.annotation.ClassPathBeanDefinitionScanner] - JSR-330 'javax.inject.Named' annotation found and supported for component scanning
2015-06-28 15:13:16,675 INFO [org.springframework.beans.factory.xml.XmlBeanDefinitionReader] - Loading XML bean definitions from URL [file:/D:/project/myeclipseWorkspace/transfermaven%20Maven%20Webapp/src/main/webapp/WEB-INF/classes/com/lungcare/dicomfile/config/spring-hibernate.xml]
2015-06-28 15:13:18,930 INFO [org.springframework.beans.factory.config.PropertyPlaceholderConfigurer] - Loading properties file from URL [file:/D:/project/myeclipseWorkspace/transfermaven%20Maven%20Webapp/src/main/webapp/WEB-INF/classes/com/lungcare/dicomfile/config/jdbc.properties]
2015-06-28 15:13:18,978 INFO [org.springframework.beans.factory.annotation.AutowiredAnnotationBeanPostProcessor] - JSR-330 'javax.inject.Inject' annotation found and supported for autowiring
2015-06-28 15:13:18,992 INFO [org.springframework.beans.factory.support.DefaultListableBeanFactory] - Pre-instantiating singletons in org.springframework.beans.factory.support.DefaultListableBeanFactory@d4db2: defining beans [org.springframework.context.annotation.internalConfigurationAnnotationProcessor,org.springframework.context.annotation.internalAutowiredAnnotationProcessor,org.springframework.context.annotation.internalRequiredAnnotationProcessor,org.springframework.context.annotation.internalCommonAnnotationProcessor,org.springframework.context.annotation.internalPersistenceAnnotationProcessor,customersResource,remoteFileTransferResource,org.springframework.beans.factory.config.PropertyPlaceholderConfigurer#0,dataSource,sessionFactory,transactionManager,transactionBase,localFileService,localFileTransferDAO,remoteFileService,remoteFileTransferDAO]; root of factory hierarchy
2015-06-28 15:13:20,229 INFO [org.springframework.jdbc.datasource.DriverManagerDataSource] - Loaded JDBC driver: com.mysql.jdbc.Driver
2015-06-28 15:13:22,409 INFO [org.springframework.orm.hibernate3.annotation.AnnotationSessionFactoryBean] - Building new Hibernate SessionFactory
2015-06-28 15:13:24,137 INFO [org.springframework.orm.hibernate3.HibernateTransactionManager] - Using DataSource [org.springframework.jdbc.datasource.DriverManagerDataSource@6c836257] of Hibernate SessionFactory for HibernateTransactionManager
2015-06-28 15:13:24,140 INFO [org.springframework.web.context.ContextLoader] - Root WebApplicationContext: initialization completed in 8335 ms
2015-06-28 15:20:49,891 INFO [org.springframework.web.context.ContextLoader] - Root WebApplicationContext: initialization started
2015-06-28 15:20:49,938 INFO [org.springframework.web.context.support.XmlWebApplicationContext] - Refreshing Root WebApplicationContext: startup date [Sun Jun 28 15:20:49 CST 2015]; root of context hierarchy
2015-06-28 15:20:50,006 INFO [org.springframework.beans.factory.xml.XmlBeanDefinitionReader] - Loading XML bean definitions from URL [file:/D:/project/myeclipseWorkspace/transfermaven%20Maven%20Webapp/src/main/webapp/WEB-INF/classes/applicationContext.xml]
2015-06-28 15:20:50,165 INFO [org.springframework.context.annotation.ClassPathBeanDefinitionScanner] - JSR-250 'javax.annotation.ManagedBean' found and supported for component scanning
2015-06-28 15:20:50,168 INFO [org.springframework.context.annotation.ClassPathBeanDefinitionScanner] - JSR-330 'javax.inject.Named' annotation found and supported for component scanning
2015-06-28 15:20:50,301 INFO [org.springframework.beans.factory.xml.XmlBeanDefinitionReader] - Loading XML bean definitions from URL [file:/D:/project/myeclipseWorkspace/transfermaven%20Maven%20Webapp/src/main/webapp/WEB-INF/classes/com/lungcare/dicomfile/config/spring-hibernate.xml]
2015-06-28 15:20:50,559 INFO [org.springframework.beans.factory.config.PropertyPlaceholderConfigurer] - Loading properties file from URL [file:/D:/project/myeclipseWorkspace/transfermaven%20Maven%20Webapp/src/main/webapp/WEB-INF/classes/com/lungcare/dicomfile/config/jdbc.properties]
2015-06-28 15:20:50,574 INFO [org.springframework.beans.factory.annotation.AutowiredAnnotationBeanPostProcessor] - JSR-330 'javax.inject.Inject' annotation found and supported for autowiring
2015-06-28 15:20:50,594 INFO [org.springframework.beans.factory.support.DefaultListableBeanFactory] - Pre-instantiating singletons in org.springframework.beans.factory.support.DefaultListableBeanFactory@1619c695: defining beans [org.springframework.context.annotation.internalConfigurationAnnotationProcessor,org.springframework.context.annotation.internalAutowiredAnnotationProcessor,org.springframework.context.annotation.internalRequiredAnnotationProcessor,org.springframework.context.annotation.internalCommonAnnotationProcessor,org.springframework.context.annotation.internalPersistenceAnnotationProcessor,customersResource,remoteFileTransferResource,org.springframework.beans.factory.config.PropertyPlaceholderConfigurer#0,dataSource,sessionFactory,transactionManager,transactionBase,localFileService,localFileTransferDAO,remoteFileService,remoteFileTransferDAO]; root of factory hierarchy
2015-06-28 15:20:50,969 INFO [org.springframework.jdbc.datasource.DriverManagerDataSource] - Loaded JDBC driver: com.mysql.jdbc.Driver
2015-06-28 15:20:51,439 INFO [org.springframework.orm.hibernate3.annotation.AnnotationSessionFactoryBean] - Building new Hibernate SessionFactory
2015-06-28 15:20:52,373 INFO [org.springframework.orm.hibernate3.HibernateTransactionManager] - Using DataSource [org.springframework.jdbc.datasource.DriverManagerDataSource@77f85f8c] of Hibernate SessionFactory for HibernateTransactionManager
2015-06-28 15:20:52,376 INFO [org.springframework.web.context.ContextLoader] - Root WebApplicationContext: initialization completed in 2485 ms
2015-06-28 15:20:56,711 INFO [org.springframework.web.context.support.XmlWebApplicationContext] - Closing Root WebApplicationContext: startup date [Sun Jun 28 15:12:54 CST 2015]; root of context hierarchy
2015-06-28 15:20:56,715 INFO [org.springframework.beans.factory.support.DefaultListableBeanFactory] - Destroying singletons in org.springframework.beans.factory.support.DefaultListableBeanFactory@59737b19: defining beans [org.springframework.context.annotation.internalConfigurationAnnotationProcessor,org.springframework.context.annotation.internalAutowiredAnnotationProcessor,org.springframework.context.annotation.internalRequiredAnnotationProcessor,org.springframework.context.annotation.internalCommonAnnotationProcessor,org.springframework.context.annotation.internalPersistenceAnnotationProcessor,customersResource,remoteFileTransferResource,org.springframework.beans.factory.config.PropertyPlaceholderConfigurer#0,dataSource,sessionFactory,transactionManager,transactionBase,localFileService,localFileTransferDAO,remoteFileService,remoteFileTransferDAO]; root of factory hierarchy
2015-06-28 15:20:56,728 INFO [org.springframework.orm.hibernate3.annotation.AnnotationSessionFactoryBean] - Closing Hibernate SessionFactory
2015-06-28 15:21:03,710 INFO [org.springframework.web.context.ContextLoader] - Root WebApplicationContext: initialization started
2015-06-28 15:21:03,743 INFO [org.springframework.web.context.support.XmlWebApplicationContext] - Refreshing Root WebApplicationContext: startup date [Sun Jun 28 15:21:03 CST 2015]; root of context hierarchy
2015-06-28 15:21:03,860 INFO [org.springframework.beans.factory.xml.XmlBeanDefinitionReader] - Loading XML bean definitions from URL [file:/D:/project/myeclipseWorkspace/transfermaven%20Maven%20Webapp/src/main/webapp/WEB-INF/classes/applicationContext.xml]
2015-06-28 15:21:04,004 INFO [org.springframework.context.annotation.ClassPathBeanDefinitionScanner] - JSR-250 'javax.annotation.ManagedBean' found and supported for component scanning
2015-06-28 15:21:04,004 INFO [org.springframework.context.annotation.ClassPathBeanDefinitionScanner] - JSR-330 'javax.inject.Named' annotation found and supported for component scanning
2015-06-28 15:21:04,107 INFO [org.springframework.beans.factory.xml.XmlBeanDefinitionReader] - Loading XML bean definitions from URL [file:/D:/project/myeclipseWorkspace/transfermaven%20Maven%20Webapp/src/main/webapp/WEB-INF/classes/com/lungcare/dicomfile/config/spring-hibernate.xml]
2015-06-28 15:21:04,329 INFO [org.springframework.beans.factory.config.PropertyPlaceholderConfigurer] - Loading properties file from URL [file:/D:/project/myeclipseWorkspace/transfermaven%20Maven%20Webapp/src/main/webapp/WEB-INF/classes/com/lungcare/dicomfile/config/jdbc.properties]
2015-06-28 15:21:04,336 INFO [org.springframework.beans.factory.annotation.AutowiredAnnotationBeanPostProcessor] - JSR-330 'javax.inject.Inject' annotation found and supported for autowiring
2015-06-28 15:21:04,351 INFO [org.springframework.beans.factory.support.DefaultListableBeanFactory] - Pre-instantiating singletons in org.springframework.beans.factory.support.DefaultListableBeanFactory@fee71ac: defining beans [org.springframework.context.annotation.internalConfigurationAnnotationProcessor,org.springframework.context.annotation.internalAutowiredAnnotationProcessor,org.springframework.context.annotation.internalRequiredAnnotationProcessor,org.springframework.context.annotation.internalCommonAnnotationProcessor,org.springframework.context.annotation.internalPersistenceAnnotationProcessor,customersResource,remoteFileTransferResource,org.springframework.beans.factory.config.PropertyPlaceholderConfigurer#0,dataSource,sessionFactory,transactionManager,transactionBase,localFileService,localFileTransferDAO,remoteFileService,remoteFileTransferDAO]; root of factory hierarchy
2015-06-28 15:21:04,959 INFO [org.springframework.jdbc.datasource.DriverManagerDataSource] - Loaded JDBC driver: com.mysql.jdbc.Driver
2015-06-28 15:21:05,371 INFO [org.springframework.orm.hibernate3.annotation.AnnotationSessionFactoryBean] - Building new Hibernate SessionFactory
2015-06-28 15:21:06,159 INFO [org.springframework.orm.hibernate3.HibernateTransactionManager] - Using DataSource [org.springframework.jdbc.datasource.DriverManagerDataSource@3c643130] of Hibernate SessionFactory for HibernateTransactionManager
2015-06-28 15:21:06,162 INFO [org.springframework.web.context.ContextLoader] - Root WebApplicationContext: initialization completed in 2452 ms
2015-06-28 15:23:07,359 INFO [com.lungcare.dicomfile.dao.impl.RemoteFileTransferDAOImp] - uploadFile
2015-06-29 13:10:49,956 INFO [org.springframework.web.context.ContextLoader] - Root WebApplicationContext: initialization started
2015-06-29 13:10:49,994 INFO [org.springframework.web.context.support.XmlWebApplicationContext] - Refreshing Root WebApplicationContext: startup date [Mon Jun 29 13:10:49 CST 2015]; root of context hierarchy
2015-06-29 13:10:50,039 INFO [org.springframework.beans.factory.xml.XmlBeanDefinitionReader] - Loading XML bean definitions from URL [file:/G:/wjlProgramFiles/local-git-repository/src/main/webapp/WEB-INF/classes/applicationContext.xml]
2015-06-29 13:10:50,370 INFO [org.springframework.context.annotation.ClassPathBeanDefinitionScanner] - JSR-250 'javax.annotation.ManagedBean' found and supported for component scanning
2015-06-29 13:10:50,373 INFO [org.springframework.context.annotation.ClassPathBeanDefinitionScanner] - JSR-330 'javax.inject.Named' annotation found and supported for component scanning
2015-06-29 13:10:50,733 INFO [org.springframework.beans.factory.xml.XmlBeanDefinitionReader] - Loading XML bean definitions from URL [file:/G:/wjlProgramFiles/local-git-repository/src/main/webapp/WEB-INF/classes/com/lungcare/dicomfile/config/spring-hibernate.xml]
2015-06-29 13:10:51,010 INFO [org.springframework.beans.factory.config.PropertyPlaceholderConfigurer] - Loading properties file from URL [file:/G:/wjlProgramFiles/local-git-repository/src/main/webapp/WEB-INF/classes/com/lungcare/dicomfile/config/jdbc.properties]
2015-06-29 13:10:51,015 INFO [org.springframework.beans.factory.annotation.AutowiredAnnotationBeanPostProcessor] - JSR-330 'javax.inject.Inject' annotation found and supported for autowiring
2015-06-29 13:10:51,029 INFO [org.springframework.beans.factory.support.DefaultListableBeanFactory] - Pre-instantiating singletons in org.springframework.beans.factory.support.DefaultListableBeanFactory@38ba04: defining beans [org.springframework.context.annotation.internalConfigurationAnnotationProcessor,org.springframework.context.annotation.internalAutowiredAnnotationProcessor,org.springframework.context.annotation.internalRequiredAnnotationProcessor,org.springframework.context.annotation.internalCommonAnnotationProcessor,org.springframework.context.annotation.internalPersistenceAnnotationProcessor,customersResource,remoteFileTransferResource,org.springframework.beans.factory.config.PropertyPlaceholderConfigurer#0,dataSource,sessionFactory,transactionManager,transactionBase,localFileService,localFileTransferDAO,remoteFileService,remoteFileTransferDAO]; root of factory hierarchy
2015-06-29 13:10:51,232 INFO [org.springframework.jdbc.datasource.DriverManagerDataSource] - Loaded JDBC driver: com.mysql.jdbc.Driver
2015-06-29 13:10:51,529 INFO [org.springframework.orm.hibernate3.annotation.AnnotationSessionFactoryBean] - Building new Hibernate SessionFactory
2015-06-29 13:10:56,775 INFO [org.springframework.orm.hibernate3.HibernateTransactionManager] - Using DataSource [org.springframework.jdbc.datasource.DriverManagerDataSource@25b3d5] of Hibernate SessionFactory for HibernateTransactionManager
2015-06-29 13:10:56,777 INFO [org.springframework.web.context.ContextLoader] - Root WebApplicationContext: initialization completed in 6808 ms
2015-06-29 15:39:07,236 INFO [org.springframework.web.context.ContextLoader] - Root WebApplicationContext: initialization started
2015-06-29 15:39:07,280 INFO [org.springframework.web.context.support.XmlWebApplicationContext] - Refreshing Root WebApplicationContext: startup date [Mon Jun 29 15:39:07 CST 2015]; root of context hierarchy
2015-06-29 15:39:07,352 INFO [org.springframework.beans.factory.xml.XmlBeanDefinitionReader] - Loading XML bean definitions from URL [file:/G:/wjlProgramFiles/local-git-repository/src/main/webapp/WEB-INF/classes/applicationContext.xml]
2015-06-29 15:39:07,546 INFO [org.springframework.context.annotation.ClassPathBeanDefinitionScanner] - JSR-250 'javax.annotation.ManagedBean' found and supported for component scanning
2015-06-29 15:39:07,549 INFO [org.springframework.context.annotation.ClassPathBeanDefinitionScanner] - JSR-330 'javax.inject.Named' annotation found and supported for component scanning
2015-06-29 15:39:07,618 INFO [org.springframework.beans.factory.xml.XmlBeanDefinitionReader] - Loading XML bean definitions from URL [file:/G:/wjlProgramFiles/local-git-repository/src/main/webapp/WEB-INF/classes/com/lungcare/dicomfile/config/spring-hibernate.xml]
2015-06-29 15:39:07,766 INFO [org.springframework.beans.factory.config.PropertyPlaceholderConfigurer] - Loading properties file from URL [file:/G:/wjlProgramFiles/local-git-repository/src/main/webapp/WEB-INF/classes/com/lungcare/dicomfile/config/jdbc.properties]
2015-06-29 15:39:07,776 INFO [org.springframework.beans.factory.annotation.AutowiredAnnotationBeanPostProcessor] - JSR-330 'javax.inject.Inject' annotation found and supported for autowiring
2015-06-29 15:39:07,788 INFO [org.springframework.beans.factory.support.DefaultListableBeanFactory] - Pre-instantiating singletons in org.springframework.beans.factory.support.DefaultListableBeanFactory@ea06a1: defining beans [org.springframework.context.annotation.internalConfigurationAnnotationProcessor,org.springframework.context.annotation.internalAutowiredAnnotationProcessor,org.springframework.context.annotation.internalRequiredAnnotationProcessor,org.springframework.context.annotation.internalCommonAnnotationProcessor,org.springframework.context.annotation.internalPersistenceAnnotationProcessor,customersResource,remoteFileTransferResource,org.springframework.beans.factory.config.PropertyPlaceholderConfigurer#0,dataSource,sessionFactory,transactionManager,transactionBase,localFileService,localFileTransferDAO,remoteFileService,remoteFileTransferDAO]; root of factory hierarchy
2015-06-29 15:39:08,016 INFO [org.springframework.jdbc.datasource.DriverManagerDataSource] - Loaded JDBC driver: com.mysql.jdbc.Driver
2015-06-29 15:39:08,307 INFO [org.springframework.orm.hibernate3.annotation.AnnotationSessionFactoryBean] - Building new Hibernate SessionFactory
2015-06-29 15:39:09,510 INFO [org.springframework.orm.hibernate3.HibernateTransactionManager] - Using DataSource [org.springframework.jdbc.datasource.DriverManagerDataSource@d73856] of Hibernate SessionFactory for HibernateTransactionManager
2015-06-29 15:39:09,512 INFO [org.springframework.web.context.ContextLoader] - Root WebApplicationContext: initialization completed in 2276 ms
2015-06-29 15:57:31,724 INFO [org.springframework.web.context.ContextLoader] - Root WebApplicationContext: initialization started
2015-06-29 15:57:31,761 INFO [org.springframework.web.context.support.XmlWebApplicationContext] - Refreshing Root WebApplicationContext: startup date [Mon Jun 29 15:57:31 CST 2015]; root of context hierarchy
2015-06-29 15:57:31,802 INFO [org.springframework.beans.factory.xml.XmlBeanDefinitionReader] - Loading XML bean definitions from URL [file:/G:/wjlProgramFiles/local-git-repository/src/main/webapp/WEB-INF/classes/applicationContext.xml]
2015-06-29 15:57:31,944 INFO [org.springframework.context.annotation.ClassPathBeanDefinitionScanner] - JSR-250 'javax.annotation.ManagedBean' found and supported for component scanning
2015-06-29 15:57:31,946 INFO [org.springframework.context.annotation.ClassPathBeanDefinitionScanner] - JSR-330 'javax.inject.Named' annotation found and supported for component scanning
2015-06-29 15:57:32,046 INFO [org.springframework.beans.factory.xml.XmlBeanDefinitionReader] - Loading XML bean definitions from URL [file:/G:/wjlProgramFiles/local-git-repository/src/main/webapp/WEB-INF/classes/com/lungcare/dicomfile/config/spring-hibernate.xml]
2015-06-29 15:57:32,195 INFO [org.springframework.beans.factory.config.PropertyPlaceholderConfigurer] - Loading properties file from URL [file:/G:/wjlProgramFiles/local-git-repository/src/main/webapp/WEB-INF/classes/com/lungcare/dicomfile/config/jdbc.properties]
2015-06-29 15:57:32,201 INFO [org.springframework.beans.factory.annotation.AutowiredAnnotationBeanPostProcessor] - JSR-330 'javax.inject.Inject' annotation found and supported for autowiring
2015-06-29 15:57:32,212 INFO [org.springframework.beans.factory.support.DefaultListableBeanFactory] - Pre-instantiating singletons in org.springframework.beans.factory.support.DefaultListableBeanFactory@21801b: defining beans [org.springframework.context.annotation.internalConfigurationAnnotationProcessor,org.springframework.context.annotation.internalAutowiredAnnotationProcessor,org.springframework.context.annotation.internalRequiredAnnotationProcessor,org.springframework.context.annotation.internalCommonAnnotationProcessor,org.springframework.context.annotation.internalPersistenceAnnotationProcessor,customersResource,remoteFileTransferResource,org.springframework.beans.factory.config.PropertyPlaceholderConfigurer#0,dataSource,sessionFactory,transactionManager,transactionBase,localFileService,localFileTransferDAO,remoteFileService,remoteFileTransferDAO]; root of factory hierarchy
2015-06-29 15:57:32,393 INFO [org.springframework.jdbc.datasource.DriverManagerDataSource] - Loaded JDBC driver: com.mysql.jdbc.Driver
2015-06-29 15:57:32,656 INFO [org.springframework.orm.hibernate3.annotation.AnnotationSessionFactoryBean] - Building new Hibernate SessionFactory
2015-06-29 15:57:33,304 INFO [org.springframework.orm.hibernate3.HibernateTransactionManager] - Using DataSource [org.springframework.jdbc.datasource.DriverManagerDataSource@633079] of Hibernate SessionFactory for HibernateTransactionManager
2015-06-29 15:57:33,306 INFO [org.springframework.web.context.ContextLoader] - Root WebApplicationContext: initialization completed in 1581 ms
2015-06-29 16:39:58,280 INFO [com.lungcare.dicomfile.dao.impl.RemoteFileTransferDAOImp] - uploadFile
2015-06-29 16:40:49,396 INFO [com.lungcare.dicomfile.dao.impl.RemoteFileTransferDAOImp] - uploadFile
2015-06-29 16:52:29,357 INFO [com.lungcare.dicomfile.dao.impl.RemoteFileTransferDAOImp] - uploadFile
2015-06-29 16:53:26,412 INFO [com.lungcare.dicomfile.dao.impl.RemoteFileTransferDAOImp] - uploadFile
2015-06-29 16:56:07,209 INFO [com.lungcare.dicomfile.dao.impl.RemoteFileTransferDAOImp] - uploadFile
2015-06-29 17:15:42,982 INFO [com.lungcare.dicomfile.dao.impl.RemoteFileTransferDAOImp] - uploadFile
2015-06-29 17:17:04,044 INFO [org.springframework.web.context.ContextLoader] - Root WebApplicationContext: initialization started
2015-06-29 17:17:04,085 INFO [org.springframework.web.context.support.XmlWebApplicationContext] - Refreshing Root WebApplicationContext: startup date [Mon Jun 29 17:17:04 CST 2015]; root of context hierarchy
2015-06-29 17:17:04,143 INFO [org.springframework.beans.factory.xml.XmlBeanDefinitionReader] - Loading XML bean definitions from URL [file:/G:/wjlProgramFiles/local-git-repository/src/main/webapp/WEB-INF/classes/applicationContext.xml]
2015-06-29 17:17:04,353 INFO [org.springframework.context.annotation.ClassPathBeanDefinitionScanner] - JSR-250 'javax.annotation.ManagedBean' found and supported for component scanning
2015-06-29 17:17:04,355 INFO [org.springframework.context.annotation.ClassPathBeanDefinitionScanner] - JSR-330 'javax.inject.Named' annotation found and supported for component scanning
2015-06-29 17:17:04,464 INFO [org.springframework.beans.factory.xml.XmlBeanDefinitionReader] - Loading XML bean definitions from URL [file:/G:/wjlProgramFiles/local-git-repository/src/main/webapp/WEB-INF/classes/com/lungcare/dicomfile/config/spring-hibernate.xml]
2015-06-29 17:17:04,622 INFO [org.springframework.beans.factory.config.PropertyPlaceholderConfigurer] - Loading properties file from URL [file:/G:/wjlProgramFiles/local-git-repository/src/main/webapp/WEB-INF/classes/com/lungcare/dicomfile/config/jdbc.properties]
2015-06-29 17:17:04,629 INFO [org.springframework.beans.factory.annotation.AutowiredAnnotationBeanPostProcessor] - JSR-330 'javax.inject.Inject' annotation found and supported for autowiring
2015-06-29 17:17:04,647 INFO [org.springframework.beans.factory.support.DefaultListableBeanFactory] - Pre-instantiating singletons in org.springframework.beans.factory.support.DefaultListableBeanFactory@f8e761: defining beans [org.springframework.context.annotation.internalConfigurationAnnotationProcessor,org.springframework.context.annotation.internalAutowiredAnnotationProcessor,org.springframework.context.annotation.internalRequiredAnnotationProcessor,org.springframework.context.annotation.internalCommonAnnotationProcessor,org.springframework.context.annotation.internalPersistenceAnnotationProcessor,customersResource,remoteFileTransferResource,org.springframework.beans.factory.config.PropertyPlaceholderConfigurer#0,dataSource,sessionFactory,transactionManager,transactionBase,localFileService,localFileTransferDAO,remoteFileService,remoteFileTransferDAO]; root of factory hierarchy
2015-06-29 17:17:04,866 INFO [org.springframework.jdbc.datasource.DriverManagerDataSource] - Loaded JDBC driver: com.mysql.jdbc.Driver
2015-06-29 17:17:05,156 INFO [org.springframework.orm.hibernate3.annotation.AnnotationSessionFactoryBean] - Building new Hibernate SessionFactory
2015-06-29 17:17:05,991 INFO [org.springframework.orm.hibernate3.HibernateTransactionManager] - Using DataSource [org.springframework.jdbc.datasource.DriverManagerDataSource@d73856] of Hibernate SessionFactory for HibernateTransactionManager
2015-06-29 17:17:05,994 INFO [org.springframework.web.context.ContextLoader] - Root WebApplicationContext: initialization completed in 1950 ms
2015-06-29 17:18:11,962 INFO [com.lungcare.dicomfile.dao.impl.RemoteFileTransferDAOImp] - uploadFile
2015-06-29 22:22:21,713 INFO [org.springframework.web.context.ContextLoader] - Root WebApplicationContext: initialization started
2015-06-29 22:22:21,751 INFO [org.springframework.web.context.support.XmlWebApplicationContext] - Refreshing Root WebApplicationContext: startup date [Mon Jun 29 22:22:21 CST 2015]; root of context hierarchy
2015-06-29 22:22:21,810 INFO [org.springframework.beans.factory.xml.XmlBeanDefinitionReader] - Loading XML bean definitions from URL [file:/G:/wjlProgramFiles/local-git-repository/src/main/webapp/WEB-INF/classes/applicationContext.xml]
2015-06-29 22:22:22,032 INFO [org.springframework.context.annotation.ClassPathBeanDefinitionScanner] - JSR-250 'javax.annotation.ManagedBean' found and supported for component scanning
2015-06-29 22:22:22,035 INFO [org.springframework.context.annotation.ClassPathBeanDefinitionScanner] - JSR-330 'javax.inject.Named' annotation found and supported for component scanning
2015-06-29 22:22:22,130 INFO [org.springframework.beans.factory.xml.XmlBeanDefinitionReader] - Loading XML bean definitions from URL [file:/G:/wjlProgramFiles/local-git-repository/src/main/webapp/WEB-INF/classes/com/lungcare/dicomfile/config/spring-hibernate.xml]
2015-06-29 22:22:22,282 INFO [org.springframework.beans.factory.config.PropertyPlaceholderConfigurer] - Loading properties file from URL [file:/G:/wjlProgramFiles/local-git-repository/src/main/webapp/WEB-INF/classes/com/lungcare/dicomfile/config/jdbc.properties]
2015-06-29 22:22:22,290 INFO [org.springframework.beans.factory.annotation.AutowiredAnnotationBeanPostProcessor] - JSR-330 'javax.inject.Inject' annotation found and supported for autowiring
2015-06-29 22:22:22,300 INFO [org.springframework.beans.factory.support.DefaultListableBeanFactory] - Pre-instantiating singletons in org.springframework.beans.factory.support.DefaultListableBeanFactory@1097438: defining beans [org.springframework.context.annotation.internalConfigurationAnnotationProcessor,org.springframework.context.annotation.internalAutowiredAnnotationProcessor,org.springframework.context.annotation.internalRequiredAnnotationProcessor,org.springframework.context.annotation.internalCommonAnnotationProcessor,org.springframework.context.annotation.internalPersistenceAnnotationProcessor,customersResource,remoteFileTransferResource,org.springframework.beans.factory.config.PropertyPlaceholderConfigurer#0,dataSource,sessionFactory,transactionManager,transactionBase,localFileService,localFileTransferDAO,remoteFileService,remoteFileTransferDAO]; root of factory hierarchy
2015-06-29 22:22:22,504 INFO [org.springframework.jdbc.datasource.DriverManagerDataSource] - Loaded JDBC driver: com.mysql.jdbc.Driver
2015-06-29 22:22:22,749 INFO [org.springframework.orm.hibernate3.annotation.AnnotationSessionFactoryBean] - Building new Hibernate SessionFactory
2015-06-29 22:22:23,384 INFO [org.springframework.orm.hibernate3.HibernateTransactionManager] - Using DataSource [org.springframework.jdbc.datasource.DriverManagerDataSource@1669fc6] of Hibernate SessionFactory for HibernateTransactionManager
2015-06-29 22:22:23,386 INFO [org.springframework.web.context.ContextLoader] - Root WebApplicationContext: initialization completed in 1665 ms
2015-06-29 22:58:21,753 INFO [com.lungcare.dicomfile.dao.impl.RemoteFileTransferDAOImp] - uploadFile
2015-06-29 22:59:27,073 INFO [com.lungcare.dicomfile.dao.impl.RemoteFileTransferDAOImp] - uploadFile
2015-06-29 23:01:35,216 INFO [org.springframework.web.context.ContextLoader] - Root WebApplicationContext: initialization started
2015-06-29 23:01:35,241 INFO [org.springframework.web.context.support.XmlWebApplicationContext] - Refreshing Root WebApplicationContext: startup date [Mon Jun 29 23:01:35 CST 2015]; root of context hierarchy
2015-06-29 23:01:35,294 INFO [org.springframework.beans.factory.xml.XmlBeanDefinitionReader] - Loading XML bean definitions from URL [file:/G:/wjlProgramFiles/local-git-repository/src/main/webapp/WEB-INF/classes/applicationContext.xml]
2015-06-29 23:01:35,403 INFO [org.springframework.context.annotation.ClassPathBeanDefinitionScanner] - JSR-250 'javax.annotation.ManagedBean' found and supported for component scanning
2015-06-29 23:01:35,406 INFO [org.springframework.context.annotation.ClassPathBeanDefinitionScanner] - JSR-330 'javax.inject.Named' annotation found and supported for component scanning
2015-06-29 23:01:35,470 INFO [org.springframework.beans.factory.xml.XmlBeanDefinitionReader] - Loading XML bean definitions from URL [file:/G:/wjlProgramFiles/local-git-repository/src/main/webapp/WEB-INF/classes/com/lungcare/dicomfile/config/spring-hibernate.xml]
2015-06-29 23:01:35,588 INFO [org.springframework.beans.factory.config.PropertyPlaceholderConfigurer] - Loading properties file from URL [file:/G:/wjlProgramFiles/local-git-repository/src/main/webapp/WEB-INF/classes/com/lungcare/dicomfile/config/jdbc.properties]
2015-06-29 23:01:35,593 INFO [org.springframework.beans.factory.annotation.AutowiredAnnotationBeanPostProcessor] - JSR-330 'javax.inject.Inject' annotation found and supported for autowiring
2015-06-29 23:01:35,704 INFO [org.springframework.beans.factory.support.DefaultListableBeanFactory] - Pre-instantiating singletons in org.springframework.beans.factory.support.DefaultListableBeanFactory@5d6633: defining beans [org.springframework.context.annotation.internalConfigurationAnnotationProcessor,org.springframework.context.annotation.internalAutowiredAnnotationProcessor,org.springframework.context.annotation.internalRequiredAnnotationProcessor,org.springframework.context.annotation.internalCommonAnnotationProcessor,org.springframework.context.annotation.internalPersistenceAnnotationProcessor,customersResource,remoteFileTransferResource,org.springframework.beans.factory.config.PropertyPlaceholderConfigurer#0,dataSource,sessionFactory,transactionManager,transactionBase,localFileService,localFileTransferDAO,remoteFileService,remoteFileTransferDAO]; root of factory hierarchy
2015-06-29 23:01:35,786 INFO [org.springframework.jdbc.datasource.DriverManagerDataSource] - Loaded JDBC driver: com.mysql.jdbc.Driver
2015-06-29 23:01:36,033 INFO [org.springframework.orm.hibernate3.annotation.AnnotationSessionFactoryBean] - Building new Hibernate SessionFactory
2015-06-29 23:01:36,609 INFO [org.springframework.orm.hibernate3.HibernateTransactionManager] - Using DataSource [org.springframework.jdbc.datasource.DriverManagerDataSource@14b6df0] of Hibernate SessionFactory for HibernateTransactionManager
2015-06-29 23:01:36,612 INFO [org.springframework.web.context.ContextLoader] - Root WebApplicationContext: initialization completed in 1394 ms
2015-06-29 23:06:24,945 INFO [com.lungcare.dicomfile.dao.impl.RemoteFileTransferDAOImp] - uploadFile
2015-06-29 23:07:40,688 INFO [com.lungcare.dicomfile.dao.impl.RemoteFileTransferDAOImp] - uploadFile
2015-06-29 23:08:56,979 INFO [com.lungcare.dicomfile.dao.impl.RemoteFileTransferDAOImp] - uploadFile
2015-06-29 23:09:42,449 INFO [com.lungcare.dicomfile.dao.impl.RemoteFileTransferDAOImp] - uploadFile
